Performing C++ SOURCE FILE Test CMAKE_HAVE_LIBC_PTHREAD failed with the following output:
Change Dir: C:/Users/10559/Desktop/build-Calculator-Desktop_Qt_6_2_4_MSVC2019_64bit-Debug/CMakeFiles/CMakeTmp

Run Build Command(s):D:/vs/Common7/IDE/CommonExtensions/Microsoft/CMake/Ninja/ninja.exe cmTC_60379 && [1/2] Building CXX object CMakeFiles\cmTC_60379.dir\src.cxx.obj
FAILED: CMakeFiles/cmTC_60379.dir/src.cxx.obj 
D:\vs\VC\Tools\MSVC\14.29.30133\bin\HostX64\x64\cl.exe  /nologo /TP -DCMAKE_HAVE_LIBC_PTHREAD  -DQT_QML_DEBUG /DWIN32 /D_WINDOWS /W3 /GR /EHsc  /MDd /Zi /Ob0 /Od /RTC1 -std:c++17 /showIncludes /FoCMakeFiles\cmTC_60379.dir\src.cxx.obj /FdCMakeFiles\cmTC_60379.dir\ /FS -c C:\Users\10559\Desktop\build-Calculator-Desktop_Qt_6_2_4_MSVC2019_64bit-Debug\CMakeFiles\CMakeTmp\src.cxx
C:\Users\10559\Desktop\build-Calculator-Desktop_Qt_6_2_4_MSVC2019_64bit-Debug\CMakeFiles\CMakeTmp\src.cxx(1): fatal error C1083: 无法打开包括文件: “pthread.h”: No such file or directory
ninja: build stopped: subcommand failed.


Source file was:
#include <pthread.h>

static void* test_func(void* data)
{
  return data;
}

int main(void)
{
  pthread_t thread;
  pthread_create(&thread, NULL, test_func, NULL);
  pthread_detach(thread);
  pthread_cancel(thread);
  pthread_join(thread, NULL);
  pthread_atfork(NULL, NULL, NULL);
  pthread_exit(NULL);

  return 0;
}

Determining if the function pthread_create exists in the pthreads failed with the following output:
Change Dir: C:/Users/10559/Desktop/build-Calculator-Desktop_Qt_6_2_4_MSVC2019_64bit-Debug/CMakeFiles/CMakeTmp

Run Build Command(s):D:/vs/Common7/IDE/CommonExtensions/Microsoft/CMake/Ninja/ninja.exe cmTC_d90c2 && [1/2] Building CXX object CMakeFiles\cmTC_d90c2.dir\CheckFunctionExists.cxx.obj
[2/2] Linking CXX executable cmTC_d90c2.exe
FAILED: cmTC_d90c2.exe 
cmd.exe /C "cd . && C:\Qt\Tools\CMake_64\bin\cmake.exe -E vs_link_exe --intdir=CMakeFiles\cmTC_d90c2.dir --rc="D:\Windows Kits\10\bin\10.0.22000.0\x64\rc.exe" --mt="D:\Windows Kits\10\bin\10.0.22000.0\x64\mt.exe" --manifests  -- D:\vs\VC\Tools\MSVC\14.29.30133\bin\Hostx64\x64\link.exe /nologo CMakeFiles\cmTC_d90c2.dir\CheckFunctionExists.cxx.obj  /out:cmTC_d90c2.exe /implib:cmTC_d90c2.lib /pdb:cmTC_d90c2.pdb /version:0.0 /machine:x64  /debug /INCREMENTAL /subsystem:console  pthreads.lib  kernel32.lib user32.lib gdi32.lib winspool.lib shell32.lib ole32.lib oleaut32.lib uuid.lib comdlg32.lib advapi32.lib && cd ."
LINK Pass 1: command "D:\vs\VC\Tools\MSVC\14.29.30133\bin\Hostx64\x64\link.exe /nologo CMakeFiles\cmTC_d90c2.dir\CheckFunctionExists.cxx.obj /out:cmTC_d90c2.exe /implib:cmTC_d90c2.lib /pdb:cmTC_d90c2.pdb /version:0.0 /machine:x64 /debug /INCREMENTAL /subsystem:console pthreads.lib kernel32.lib user32.lib gdi32.lib winspool.lib shell32.lib ole32.lib oleaut32.lib uuid.lib comdlg32.lib advapi32.lib /MANIFEST /MANIFESTFILE:CMakeFiles\cmTC_d90c2.dir/intermediate.manifest CMakeFiles\cmTC_d90c2.dir/manifest.res" failed (exit code 1104) with the following output:
LINK : fatal error LNK1104: 无法打开文件“pthreads.lib”
ninja: build stopped: subcommand failed.



Determining if the function pthread_create exists in the pthread failed with the following output:
Change Dir: C:/Users/10559/Desktop/build-Calculator-Desktop_Qt_6_2_4_MSVC2019_64bit-Debug/CMakeFiles/CMakeTmp

Run Build Command(s):D:/vs/Common7/IDE/CommonExtensions/Microsoft/CMake/Ninja/ninja.exe cmTC_2342a && [1/2] Building CXX object CMakeFiles\cmTC_2342a.dir\CheckFunctionExists.cxx.obj
[2/2] Linking CXX executable cmTC_2342a.exe
FAILED: cmTC_2342a.exe 
cmd.exe /C "cd . && C:\Qt\Tools\CMake_64\bin\cmake.exe -E vs_link_exe --intdir=CMakeFiles\cmTC_2342a.dir --rc="D:\Windows Kits\10\bin\10.0.22000.0\x64\rc.exe" --mt="D:\Windows Kits\10\bin\10.0.22000.0\x64\mt.exe" --manifests  -- D:\vs\VC\Tools\MSVC\14.29.30133\bin\Hostx64\x64\link.exe /nologo CMakeFiles\cmTC_2342a.dir\CheckFunctionExists.cxx.obj  /out:cmTC_2342a.exe /implib:cmTC_2342a.lib /pdb:cmTC_2342a.pdb /version:0.0 /machine:x64  /debug /INCREMENTAL /subsystem:console  pthread.lib  kernel32.lib user32.lib gdi32.lib winspool.lib shell32.lib ole32.lib oleaut32.lib uuid.lib comdlg32.lib advapi32.lib && cd ."
LINK Pass 1: command "D:\vs\VC\Tools\MSVC\14.29.30133\bin\Hostx64\x64\link.exe /nologo CMakeFiles\cmTC_2342a.dir\CheckFunctionExists.cxx.obj /out:cmTC_2342a.exe /implib:cmTC_2342a.lib /pdb:cmTC_2342a.pdb /version:0.0 /machine:x64 /debug /INCREMENTAL /subsystem:console pthread.lib kernel32.lib user32.lib gdi32.lib winspool.lib shell32.lib ole32.lib oleaut32.lib uuid.lib comdlg32.lib advapi32.lib /MANIFEST /MANIFESTFILE:CMakeFiles\cmTC_2342a.dir/intermediate.manifest CMakeFiles\cmTC_2342a.dir/manifest.res" failed (exit code 1104) with the following output:
LINK : fatal error LNK1104: 无法打开文件“pthread.lib”
ninja: build stopped: subcommand failed.



